<?xml version="1.0" encoding="UTF-8"?>
<!-- Generated by org.testng.reporters.JUnitReportReporter -->
<testsuite skipped="0" hostname="TYSS-4F-057" name="scripts.LoginTest" tests="1" failures="0" timestamp="10 Dec 2018 07:11:20 GMT" time="33.170" errors="0">
  <testcase name="login" time="33.170" classname="scripts.LoginTest"/>
</testsuite> <!-- scripts.LoginTest -->
